Backfill start: tasks=19360 workers=4 force=False
Before:
market interval   bars  tickers            first_ts             last_ts
    KR       1d 139568      142 2021-04-07T00:00:00 2026-05-15T00:00:00
    KR       5m  40742      117 2026-04-28T00:00:00 2026-05-15T06:00:00
    US       1d 205329      152 2021-04-07T00:00:00 2026-05-14T13:30:00
    US       5m  33880      100 2026-04-29T13:30:00 2026-05-15T14:33:57
13/19360 SAVED US MSFT 5m rows=326 latest=2026-05-15 14:35 
15/19360 SAVED US BRK-B 5m rows=326 latest=2026-05-15 14:34 
16/19360 SAVED US NVDA 5m rows=0 latest=2026-05-15 14:35 
17/19360 SAVED US NVDA 1d rows=0 latest=2026-05-14 13:30 
19/19360 SAVED US AMZN 5m rows=326 latest=2026-05-15 14:35 
21/19360 SAVED US GOOGL 5m rows=326 latest=2026-05-15 14:35 
23/19360 SAVED US META 5m rows=0 latest=2026-05-15 14:35 
25/19360 SAVED US TSLA 5m rows=0 latest=2026-05-15 14:35 
26/19360 SAVED US AMD 5m rows=0 latest=2026-05-15 14:35 
27/19360 SAVED US PLTR 5m rows=0 latest=2026-05-15 14:35 
29/19360 SAVED US SMCI 1d rows=0 latest=2026-05-14 13:30 
31/19360 SAVED US SMCI 5m rows=0 latest=2026-05-15 14:35 
32/19360 SAVED US AVGO 5m rows=0 latest=2026-05-15 14:35 
33/19360 SAVED US NFLX 5m rows=0 latest=2026-05-15 14:35 
34/19360 SAVED US CRM 1d rows=0 latest=2026-05-14 13:30 
35/19360 SAVED US CRM 5m rows=0 latest=2026-05-15 14:35 
37/19360 SAVED US UBER 1d rows=0 latest=2026-05-14 13:30 
39/19360 SAVED US UBER 5m rows=0 latest=2026-05-15 14:35 
40/19360 SAVED US MU 5m rows=0 latest=2026-05-15 14:35 
41/19360 SAVED US JPM 5m rows=0 latest=2026-05-15 14:35 
43/19360 SAVED US LLY 1d rows=0 latest=2026-05-14 13:30 
44/19360 SAVED US LLY 5m rows=0 latest=2026-05-15 14:35 
45/19360 SAVED US COST 5m rows=0 latest=2026-05-15 14:35 
47/19360 SAVED US QCOM 1d rows=0 latest=2026-05-14 13:30 
48/19360 SAVED US QCOM 5m rows=0 latest=2026-05-15 14:35 
49/19360 SAVED US ARM 5m rows=0 latest=2026-05-15 14:35 
50/19360 progress saved=26 skip=24 failed=0
51/19360 SAVED US VRT 1d rows=0 latest=2026-05-14 13:30 
52/19360 SAVED US VRT 5m rows=0 latest=2026-05-15 14:35 
53/19360 SAVED US AXON 5m rows=0 latest=2026-05-15 14:35 
54/19360 SAVED US CRDO 5m rows=326 latest=2026-05-15 14:35 
55/19360 SAVED US META 1d rows=1276 latest=2026-05-14 13:30 
57/19360 SAVED US TMDX 1d rows=0 latest=2026-05-14 13:30 
58/19360 SAVED US TMDX 5m rows=0 latest=2026-05-15 14:35 
59/19360 SAVED US CELH 5m rows=0 latest=2026-05-15 14:36 
60/19360 SAVED US ELF 1d rows=0 latest=2026-05-14 13:30 
61/19360 SAVED US ELF 5m rows=0 latest=2026-05-15 14:35 
62/19360 SAVED US FIX 1d rows=0 latest=2026-05-14 13:30 
63/19360 SAVED US FIX 5m rows=327 latest=2026-05-15 14:36 
64/19360 SAVED US CRDO 1d rows=1078 latest=2026-05-14 13:30 
65/19360 SAVED US STRL 5m rows=0 latest=2026-05-15 14:36 
66/19360 SAVED US IOT 1d rows=0 latest=2026-05-14 13:30 
67/19360 SAVED US STRL 1d rows=1276 latest=2026-05-14 13:30 
68/19360 SAVED US IOT 5m rows=0 latest=2026-05-15 14:36 
69/19360 SAVED US FOUR 5m rows=0 latest=2026-05-15 14:36 
70/19360 SAVED US FN 5m rows=0 latest=2026-05-15 14:35 
71/19360 SAVED US FN 1d rows=0 latest=2026-05-14 13:30 
73/19360 SAVED US ONON 1d rows=0 latest=2026-05-14 13:30 
74/19360 SAVED US ONON 5m rows=0 latest=2026-05-15 14:36 
75/19360 SAVED US JNJ 5m rows=0 latest=2026-05-15 14:36 
77/19360 SAVED US PG 5m rows=0 latest=2026-05-15 14:36 
78/19360 SAVED US PG 1d rows=0 latest=2026-05-14 13:30 
79/19360 SAVED US KO 5m rows=0 latest=2026-05-15 14:36 
80/19360 SAVED US ANET 1d rows=0 latest=2026-05-14 13:30 
81/19360 SAVED US ANET 5m rows=0 latest=2026-05-15 14:36 
82/19360 SAVED US APP 1d rows=0 latest=2026-05-14 13:30 
83/19360 SAVED US APP 5m rows=327 latest=2026-05-15 14:36 
84/19360 SAVED US FOUR 1d rows=1276 latest=2026-05-14 13:30 
85/19360 SAVED US DDOG 5m rows=0 latest=2026-05-15 14:36 
86/19360 SAVED US NET 1d rows=0 latest=2026-05-14 13:30 
87/19360 SAVED US NET 5m rows=0 latest=2026-05-15 14:36 
88/19360 SAVED US SNOW 1d rows=0 latest=2026-05-14 13:30 
89/19360 SAVED US SNOW 5m rows=0 latest=2026-05-15 14:37 
90/19360 SAVED US MDB 1d rows=0 latest=2026-05-14 13:30 
91/19360 SAVED US MDB 5m rows=0 latest=2026-05-15 14:37 
92/19360 SAVED US ZS 5m rows=327 latest=2026-05-15 14:37 
93/19360 SAVED US DDOG 1d rows=1276 latest=2026-05-14 13:30 
94/19360 SAVED US ZS 1d rows=0 latest=2026-05-14 13:30 
95/19360 SAVED US CRWD 5m rows=0 latest=2026-05-15 14:37 
96/19360 SAVED US PANW 1d rows=0 latest=2026-05-14 13:30 
97/19360 SAVED US PANW 5m rows=0 latest=2026-05-15 14:37 
98/19360 SAVED US FTNT 1d rows=0 latest=2026-05-14 13:30 
99/19360 SAVED US FTNT 5m rows=0 latest=2026-05-15 14:37 
100/19360 SAVED US OKTA 1d rows=0 latest=2026-05-14 13:30 
101/19360 SAVED US OKTA 5m rows=0 latest=2026-05-15 14:37 
102/19360 SAVED US ESTC 5m rows=327 latest=2026-05-15 14:37 
104/19360 SAVED US CRWD 1d rows=1276 latest=2026-05-14 13:30 
105/19360 SAVED US BILL 5m rows=0 latest=2026-05-15 14:37 
107/19360 SAVED US TOST 5m rows=0 latest=2026-05-15 14:37 
108/19360 SAVED US TOST 1d rows=0 latest=2026-05-14 13:30 
109/19360 SAVED US ESTC 1d rows=1276 latest=2026-05-14 13:30 
110/19360 SAVED US AFRM 5m rows=0 latest=2026-05-15 14:37 
111/19360 SAVED US HOOD 5m rows=0 latest=2026-05-15 14:37 
112/19360 SAVED US COIN 1d rows=0 latest=2026-05-14 13:30 
113/19360 SAVED US COIN 5m rows=0 latest=2026-05-15 14:37 
115/19360 SAVED US MSTR 1d rows=0 latest=2026-05-14 13:30 
116/19360 SAVED US MSTR 5m rows=0 latest=2026-05-15 14:37 
117/19360 SAVED US CLSK 5m rows=0 latest=2026-05-15 14:37 
118/19360 SAVED US HUT 1d rows=0 latest=2026-05-14 13:30 
119/19360 SAVED US HUT 5m rows=0 latest=2026-05-15 14:37 
120/19360 SAVED US IREN 1d rows=0 latest=2026-05-14 13:30 
121/19360 SAVED US IREN 5m rows=0 latest=2026-05-15 14:37 
122/19360 SAVED US WULF 1d rows=0 latest=2026-05-14 13:30 
123/19360 SAVED US WULF 5m rows=0 latest=2026-05-15 14:38 
124/19360 SAVED US ALAB 1d rows=0 latest=2026-05-14 13:30 
125/19360 SAVED US ALAB 5m rows=0 latest=2026-05-15 14:38 
126/19360 SAVED US MRVL 1d rows=0 latest=2026-05-14 13:30 
127/19360 SAVED US MRVL 5m rows=0 latest=2026-05-15 14:38 
128/19360 SAVED US LSCC 1d rows=0 latest=2026-05-14 13:30 
129/19360 SAVED US LSCC 5m rows=0 latest=2026-05-15 14:37 
131/19360 SAVED US ONTO 1d rows=0 latest=2026-05-14 13:30 
132/19360 SAVED US ONTO 5m rows=0 latest=2026-05-15 14:36 
133/19360 SAVED US ACLS 5m rows=325 latest=2026-05-15 14:37 
134/19360 SAVED US HOOD 1d rows=1204 latest=2026-05-14 13:30 
135/19360 SAVED US AMKR 1d rows=0 latest=2026-05-14 13:30 
137/19360 SAVED US AMKR 5m rows=0 latest=2026-05-15 14:38 
138/19360 SAVED US FORM 5m rows=0 latest=2026-05-15 14:38 
139/19360 SAVED US CAMT 5m rows=0 latest=2026-05-15 14:38 
140/19360 SAVED US NVMI 1d rows=0 latest=2026-05-14 13:30 
141/19360 SAVED US NVMI 5m rows=0 latest=2026-05-15 14:37 
143/19360 SAVED US AEIS 5m rows=326 latest=2026-05-15 14:38 
144/19360 SAVED US TER 1d rows=0 latest=2026-05-14 13:30 
145/19360 SAVED US FORM 1d rows=1276 latest=2026-05-14 13:30 
146/19360 SAVED US TER 5m rows=0 latest=2026-05-15 14:38 
147/19360 SAVED US ENPH 5m rows=0 latest=2026-05-15 14:38 
148/19360 SAVED US FSLR 1d rows=0 latest=2026-05-14 13:30 
149/19360 SAVED US FSLR 5m rows=0 latest=2026-05-15 14:38 
150/19360 SAVED US NXT 1d rows=0 latest=2026-05-14 13:30 
151/19360 SAVED US NXT 5m rows=0 latest=2026-05-15 14:38 
152/19360 SAVED US RUN 1d rows=0 latest=2026-05-14 13:30 
153/19360 SAVED US RUN 5m rows=0 latest=2026-05-15 14:38 
154/19360 SAVED US FLNC 1d rows=0 latest=2026-05-14 13:30 
155/19360 SAVED US FLNC 5m rows=0 latest=2026-05-15 14:38 
156/19360 SAVED US STEM 1d rows=0 latest=2026-05-14 13:30 
157/19360 SAVED US STEM 5m rows=0 latest=2026-05-15 14:35 
158/19360 SAVED US GEV 1d rows=0 latest=2026-05-14 13:30 
159/19360 SAVED US GEV 5m rows=0 latest=2026-05-15 14:39 
160/19360 SAVED US CEG 1d rows=0 latest=2026-05-14 13:30 
161/19360 SAVED US CEG 5m rows=0 latest=2026-05-15 14:39 
162/19360 SAVED US ENPH 1d rows=1276 latest=2026-05-14 13:30 
163/19360 SAVED US VST 1d rows=0 latest=2026-05-14 13:30 
164/19360 SAVED US VST 5m rows=0 latest=2026-05-15 14:38 
165/19360 SAVED US NRG 5m rows=0 latest=2026-05-15 14:39 
166/19360 SAVED US PWR 1d rows=0 latest=2026-05-14 13:30 
167/19360 SAVED US PWR 5m rows=0 latest=2026-05-15 14:39 
168/19360 SAVED US NRG 1d rows=1276 latest=2026-05-14 13:30 
169/19360 SAVED US EME 1d rows=0 latest=2026-05-14 13:30 
170/19360 SAVED US EME 5m rows=0 latest=2026-05-15 14:38 
171/19360 SAVED US DY 1d rows=0 latest=2026-05-14 13:30 
173/19360 SAVED US DY 5m rows=0 latest=2026-05-15 14:34 
174/19360 SAVED US TOL 1d rows=0 latest=2026-05-14 13:30 
175/19360 SAVED US TOL 5m rows=0 latest=2026-05-15 14:39 
176/19360 SAVED US BLDR 5m rows=0 latest=2026-05-15 14:39 
177/19360 SAVED US TREX 1d rows=0 latest=2026-05-14 13:30 
178/19360 SAVED US TREX 5m rows=0 latest=2026-05-15 14:39 
179/19360 SAVED US WING 1d rows=0 latest=2026-05-14 13:30 
180/19360 SAVED US WING 5m rows=0 latest=2026-05-15 14:39 
181/19360 SAVED US CAVA 1d rows=0 latest=2026-05-14 13:30 
182/19360 SAVED US CAVA 5m rows=0 latest=2026-05-15 14:39 
183/19360 SAVED US SG 5m rows=0 latest=2026-05-15 14:39 
184/19360 SAVED US SG 1d rows=0 latest=2026-05-14 13:30 
185/19360 SAVED US SHAK 1d rows=0 latest=2026-05-14 13:30 
186/19360 SAVED US SHAK 5m rows=0 latest=2026-05-15 14:39 
187/19360 SAVED US TXRH 5m rows=0 latest=2026-05-15 14:39 
188/19360 SAVED US TXRH 1d rows=0 latest=2026-05-14 13:30 
189/19360 SAVED US BROS 1d rows=0 latest=2026-05-14 13:30 
190/19360 SAVED US BROS 5m rows=0 latest=2026-05-15 14:39 
191/19360 SAVED US DECK 1d rows=0 latest=2026-05-14 13:30 
193/19360 SAVED US DECK 5m rows=0 latest=2026-05-15 14:39 
194/19360 SAVED US CROX 5m rows=0 latest=2026-05-15 14:39 
195/19360 SAVED US BOOT 5m rows=0 latest=2026-05-15 14:39 
196/19360 SAVED US BIRK 1d rows=0 latest=2026-05-14 13:30 
197/19360 SAVED US BIRK 5m rows=0 latest=2026-05-15 14:40 
198/19360 SAVED US DUOL 1d rows=0 latest=2026-05-14 13:30 
199/19360 SAVED US DUOL 5m rows=0 latest=2026-05-15 14:39 
200/19360 SAVED US SPOT 1d rows=0 latest=2026-05-14 13:30 
201/19360 SAVED US SPOT 5m rows=0 latest=2026-05-15 14:40 
202/19360 SAVED US TTD 1d rows=0 latest=2026-05-14 13:30 
203/19360 SAVED US TTD 5m rows=0 latest=2026-05-15 14:40 
204/19360 SAVED US PINS 1d rows=0 latest=2026-05-14 13:30 
205/19360 SAVED US PINS 5m rows=0 latest=2026-05-15 14:40 
206/19360 SAVED US RBLX 1d rows=0 latest=2026-05-14 13:30 
207/19360 SAVED US RBLX 5m rows=0 latest=2026-05-15 14:40 
208/19360 SAVED US SE 1d rows=0 latest=2026-05-14 13:30 
209/19360 SAVED US CROX 1d rows=1276 latest=2026-05-14 13:30 
211/19360 SAVED US MELI 1d rows=0 latest=2026-05-14 13:30 
212/19360 SAVED US CPNG 5m rows=0 latest=2026-05-15 14:40 
213/19360 SAVED US SE 5m rows=327 latest=2026-05-15 14:40 
214/19360 SAVED US GLBE 1d rows=0 latest=2026-05-14 13:30 
215/19360 SAVED US GLBE 5m rows=0 latest=2026-05-15 14:40 
216/19360 SAVED US SHOP 1d rows=0 latest=2026-05-14 13:30 
217/19360 SAVED US SHOP 5m rows=327 latest=2026-05-15 14:40 
218/19360 SAVED US MELI 5m rows=327 latest=2026-05-15 14:40 
219/19360 SAVED US FVRR 5m rows=0 latest=2026-05-15 14:40 
220/19360 SAVED US UPWK 5m rows=0 latest=2026-05-15 14:40 
221/19360 SAVED US UPWK 1d rows=0 latest=2026-05-14 13:30 
222/19360 SAVED US LMND 1d rows=0 latest=2026-05-14 13:30 
223/19360 SAVED US LMND 5m rows=0 latest=2026-05-15 14:40 
224/19360 SAVED US ROOT 1d rows=0 latest=2026-05-14 13:30 
225/19360 SAVED US FVRR 1d rows=0 latest=2026-05-14 13:30 
226/19360 SAVED US ROOT 5m rows=313 latest=2026-05-15 14:40 
227/19360 SAVED US OSCR 1d rows=0 latest=2026-05-14 13:30 
228/19360 SAVED US TDOC 5m rows=327 latest=2026-05-15 14:40 
229/19360 SAVED US TDOC 1d rows=1276 latest=2026-05-14 13:30 
230/19360 SAVED US GH 1d rows=1276 latest=2026-05-14 13:30 
231/19360 SAVED US OSCR 5m rows=327 latest=2026-05-15 14:40 
232/19360 SAVED US NTRA 5m rows=328 latest=2026-05-15 14:41 
233/19360 SAVED US NTRA 1d rows=1276 latest=2026-05-14 13:30 
234/19360 SAVED US GH 5m rows=327 latest=2026-05-15 14:40 
235/19360 SAVED US TGTX 5m rows=328 latest=2026-05-15 14:41 
236/19360 SAVED US TGTX 1d rows=1276 latest=2026-05-14 13:30 
237/19360 SAVED US HALO 1d rows=1276 latest=2026-05-14 13:30 
238/19360 SAVED US HALO 5m rows=327 latest=2026-05-15 14:40 
239/19360 SAVED US SMMT 1d rows=1276 latest=2026-05-14 13:30 
240/19360 SAVED US SMMT 5m rows=328 latest=2026-05-15 14:41 
241/19360 SAVED US INSM 5m rows=328 latest=2026-05-15 14:41 
242/19360 SAVED US VKTX 5m rows=327 latest=2026-05-15 14:40 
243/19360 SAVED US INSM 1d rows=1276 latest=2026-05-14 13:30 
244/19360 SAVED US VKTX 1d rows=1276 latest=2026-05-14 13:30 
245/19360 SAVED US TARS 5m rows=323 latest=2026-05-15 14:40 
246/19360 SAVED US ALNY 5m rows=327 latest=2026-05-15 14:40 
247/19360 SAVED US TARS 1d rows=1276 latest=2026-05-14 13:30 
248/19360 FAILED US EXAS 5m rows=0 latest= empty response
249/19360 SAVED US ALNY 1d rows=1276 latest=2026-05-14 13:30 
250/19360 SAVED US EXAS 1d rows=1239 latest=2026-03-23 13:30 
251/19360 SAVED US PODD 1d rows=1276 latest=2026-05-14 13:30 
252/19360 SAVED US PODD 5m rows=327 latest=2026-05-15 14:40 
253/19360 SAVED US GMED 5m rows=328 latest=2026-05-15 14:41 
254/19360 SAVED US GMED 1d rows=1276 latest=2026-05-14 13:30 
255/19360 SAVED US IINN 5m rows=188 latest=2026-05-15 14:39 
256/19360 SAVED US MMSI 5m rows=327 latest=2026-05-15 14:40 
257/19360 SAVED US IINN 1d rows=1215 latest=2026-05-14 13:30 
259/19360 SAVED US KTOS 5m rows=328 latest=2026-05-15 14:41 
260/19360 SAVED US MMSI 1d rows=1276 latest=2026-05-14 13:30 
261/19360 SAVED US AVAV 5m rows=328 latest=2026-05-15 14:41 
262/19360 SAVED US HWM 5m rows=327 latest=2026-05-15 14:41 
264/19360 SAVED US KTOS 1d rows=1276 latest=2026-05-14 13:30 
265/19360 SAVED US BWXT 5m rows=328 latest=2026-05-15 14:41 
266/19360 SAVED US HWM 1d rows=1276 latest=2026-05-14 13:30 
269/19360 SAVED US ATKR 5m rows=320 latest=2026-05-15 14:37 
270/19360 SAVED US GFF 1d rows=1276 latest=2026-05-14 13:30 
271/19360 SAVED US GFF 5m rows=317 latest=2026-05-15 14:41 
272/19360 SAVED US AIT 5m rows=321 latest=2026-05-15 14:38 
273/19360 SAVED US WFRD 5m rows=325 latest=2026-05-15 14:40 
275/19360 SAVED US SOUN 1d rows=1015 latest=2026-05-14 13:30 
277/19360 SAVED US IONQ 5m rows=328 latest=2026-05-15 14:41 
279/19360 SAVED US WFRD 1d rows=1276 latest=2026-05-14 13:30 
280/19360 SAVED US SOFI 5m rows=328 latest=2026-05-15 14:41 
282/19360 SAVED US SOUN 5m rows=328 latest=2026-05-15 14:41 
283/19360 SAVED US RIVN 5m rows=328 latest=2026-05-15 14:41 
285/19360 SAVED US UPST 1d rows=1276 latest=2026-05-14 13:30 
286/19360 SAVED US OPEN 5m rows=328 latest=2026-05-15 14:41 
287/19360 SAVED US MARA 5m rows=328 latest=2026-05-15 14:41 
288/19360 SAVED US UPST 5m rows=328 latest=2026-05-15 14:41 
291/19360 SAVED US HIMS 5m rows=328 latest=2026-05-15 14:41 
292/19360 SAVED US RIOT 1d rows=1276 latest=2026-05-14 13:30 
293/19360 SAVED US RIOT 5m rows=328 latest=2026-05-15 14:41 
296/19360 SAVED US ASTS 5m rows=328 latest=2026-05-15 14:41 
297/19360 SAVED US JOBY 5m rows=328 latest=2026-05-15 14:41 
298/19360 SAVED US RKLB 5m rows=328 latest=2026-05-15 14:41 
299/19360 SAVED US ACHR 5m rows=328 latest=2026-05-15 14:41 
300/19360 SAVED US LUNR 5m rows=328 latest=2026-05-15 14:41 
301/19360 SAVED US ACHR 1d rows=1276 latest=2026-05-14 13:30 
302/19360 SAVED US LUNR 1d rows=1126 latest=2026-05-14 13:30 
303/19360 SAVED US ENVX 5m rows=328 latest=2026-05-15 14:41 
305/19360 SAVED US RXRX 5m rows=328 latest=2026-05-15 14:41 
306/19360 SAVED US SYM 5m rows=328 latest=2026-05-15 14:41 
307/19360 SAVED US ENVX 1d rows=1276 latest=2026-05-14 13:30 
308/19360 SAVED US AEHR 5m rows=328 latest=2026-05-15 14:41 
309/19360 SAVED US RXRX 1d rows=1276 latest=2026-05-14 13:30 
310/19360 SAVED US BEAM 1d rows=1276 latest=2026-05-14 13:30 
311/19360 SAVED US AEHR 1d rows=1276 latest=2026-05-14 13:30 
312/19360 SAVED US EOSE 5m rows=328 latest=2026-05-15 14:41 
313/19360 SAVED US EOSE 1d rows=1276 latest=2026-05-14 13:30 
314/19360 SAVED US BEAM 5m rows=328 latest=2026-05-15 14:41 
315/19360 SAVED US A 5m rows=328 latest=2026-05-15 14:41 
316/19360 SAVED US AA 5m rows=328 latest=2026-05-15 14:41 
317/19360 SAVED US AACB 1d rows=278 latest=2026-05-14 13:30 
318/19360 SAVED US A 1d rows=1276 latest=2026-05-14 13:30 
319/19360 FAILED US AACBR 1d rows=0 latest= empty response
320/19360 SAVED US AACBR 5m rows=29 latest=2026-05-13 20:00 
321/19360 SAVED US AACB 5m rows=3 latest=2026-05-12 20:00 
322/19360 SAVED US AA 1d rows=1276 latest=2026-05-14 13:30 
323/19360 SAVED US AACBU 1d rows=314 latest=2026-05-14 13:30 
324/19360 SAVED US AACG 5m rows=48 latest=2026-05-15 14:15 
325/19360 SAVED US AACI 5m rows=6 latest=2026-05-14 20:00 
326/19360 SAVED US AACG 1d rows=1276 latest=2026-05-14 13:30 
327/19360 SAVED US AACIU 1d rows=61 latest=2026-05-14 13:30 
328/19360 FAILED US AACBU 5m rows=0 latest= empty response
329/19360 SAVED US AACI 1d rows=34 latest=2026-05-14 13:30 
330/19360 SAVED US AACO 1d rows=23 latest=2026-05-14 13:30 
331/19360 SAVED US AACOU 1d rows=60 latest=2026-05-14 13:30 
332/19360 SAVED US AACOU 5m rows=5 latest=2026-05-13 20:00 
333/19360 SAVED US AACO 5m rows=1 latest=2026-05-11 20:00 
334/19360 SAVED US AACPU 5m rows=9 latest=2026-05-14 20:00 
335/19360 SAVED US AACPU 1d rows=28 latest=2026-05-14 13:30 
336/19360 FAILED US AACIU 5m rows=0 latest= empty response
337/19360 SAVED US AAL 5m rows=328 latest=2026-05-15 14:41 
338/19360 SAVED US AAL 1d rows=1276 latest=2026-05-14 13:30 
339/19360 SAVED US AAME 5m rows=29 latest=2026-05-15 13:43 
340/19360 SAVED US AAME 1d rows=1276 latest=2026-05-14 13:30 
341/19360 SAVED US AAMI 1d rows=1276 latest=2026-05-14 13:30 
342/19360 SAVED US AAOI 5m rows=328 latest=2026-05-15 14:41 
343/19360 SAVED US AAOI 1d rows=1276 latest=2026-05-14 13:30 
344/19360 SAVED US AAMI 5m rows=310 latest=2026-05-15 14:39 
345/19360 SAVED US AAON 5m rows=328 latest=2026-05-15 14:41 
346/19360 SAVED US AAP 1d rows=1276 latest=2026-05-14 13:30 
347/19360 SAVED US AAPG 1d rows=328 latest=2026-05-14 13:30 
348/19360 SAVED US AAPG 5m rows=30 latest=2026-05-15 14:26 
349/19360 SAVED US AAON 1d rows=1276 latest=2026-05-14 13:30 
350/19360 SAVED US AAP 5m rows=328 latest=2026-05-15 14:41 
351/19360 SAVED US AARD 1d rows=314 latest=2026-05-14 13:30 
352/19360 SAVED US AAT 1d rows=1276 latest=2026-05-14 13:30 
353/19360 SAVED US AAT 5m rows=289 latest=2026-05-15 14:39 
354/19360 SAVED US AARD 5m rows=258 latest=2026-05-15 14:41 
355/19360 SAVED US AAUC 5m rows=285 latest=2026-05-15 14:39 
356/19360 SAVED US AAUC 1d rows=438 latest=2026-05-14 13:30 
357/19360 SAVED US AB 5m rows=318 latest=2026-05-15 14:38 
358/19360 SAVED US ABAT 5m rows=328 latest=2026-05-15 14:41 
359/19360 SAVED US ABBV 1d rows=1276 latest=2026-05-14 13:30 
360/19360 SAVED US ABAT 1d rows=1276 latest=2026-05-14 13:30 
361/19360 SAVED US ABCB 1d rows=1276 latest=2026-05-14 13:30 
362/19360 SAVED US AB 1d rows=1276 latest=2026-05-14 13:30 
363/19360 SAVED US ABBV 5m rows=328 latest=2026-05-15 14:41 
364/19360 SAVED US ABCB 5m rows=313 latest=2026-05-15 14:41 
365/19360 SAVED US ABCL 5m rows=328 latest=2026-05-15 14:41 
366/19360 SAVED US ABEO 5m rows=328 latest=2026-05-15 14:41 
367/19360 SAVED US ABCL 1d rows=1276 latest=2026-05-14 13:30 
368/19360 SAVED US ABEO 1d rows=1276 latest=2026-05-14 13:30 
369/19360 SAVED US ABEV 5m rows=328 latest=2026-05-15 14:41 
370/19360 SAVED US ABG 5m rows=303 latest=2026-05-15 14:41 
371/19360 SAVED US ABG 1d rows=1276 latest=2026-05-14 13:30 
372/19360 SAVED US ABLV 5m rows=111 latest=2026-05-15 14:26 
373/19360 SAVED US ABEV 1d rows=1276 latest=2026-05-14 13:30 
374/19360 SAVED US ABLV 1d rows=922 latest=2026-05-14 13:30 
375/19360 SAVED US ABM 1d rows=1276 latest=2026-05-14 13:30 
376/19360 SAVED US ABNB 5m rows=328 latest=2026-05-15 14:41 
377/19360 SAVED US ABM 5m rows=314 latest=2026-05-15 14:41 
378/19360 SAVED US ABNB 1d rows=1276 latest=2026-05-14 13:30 
379/19360 SAVED US ABOS 5m rows=275 latest=2026-05-15 14:41 
380/19360 SAVED US ABR 5m rows=328 latest=2026-05-15 14:41 
381/19360 SAVED US ABOS 1d rows=1223 latest=2026-05-14 13:30 
382/19360 SAVED US ABR 1d rows=1276 latest=2026-05-14 13:30 
383/19360 FAILED US ABR PR D 1d rows=0 latest= empty response
384/19360 FAILED US ABR PR D 5m rows=0 latest= empty response
385/19360 FAILED US ABR PR E 1d rows=0 latest= empty response
386/19360 FAILED US ABR PR E 5m rows=0 latest= empty response
387/19360 FAILED US ABR PR F 1d rows=0 latest= empty response
388/19360 SAVED US ABSI 1d rows=1209 latest=2026-05-14 13:30 
389/19360 FAILED US ABR PR F 5m rows=0 latest= empty response
390/19360 SAVED US ABSI 5m rows=328 latest=2026-05-15 14:42 
391/19360 SAVED US ABT 5m rows=328 latest=2026-05-15 14:42 
392/19360 SAVED US ABT 1d rows=1276 latest=2026-05-14 13:30 
393/19360 SAVED US ABTC 5m rows=328 latest=2026-05-15 14:42 
394/19360 SAVED US ABTC 1d rows=1276 latest=2026-05-14 13:30 
395/19360 SAVED US ABUS 5m rows=325 latest=2026-05-15 14:41 
396/19360 SAVED US ABTS 5m rows=124 latest=2026-05-15 14:24 
397/19360 SAVED US ABTS 1d rows=1276 latest=2026-05-14 13:30 
398/19360 SAVED US ABUS 1d rows=1276 latest=2026-05-14 13:30 
399/19360 SAVED US ABVE 1d rows=469 latest=2026-05-14 13:30 
400/19360 SAVED US ABVC 5m rows=174 latest=2026-05-15 14:26 
401/19360 SAVED US ABVE 5m rows=326 latest=2026-05-15 14:40 
402/19360 SAVED US ABVC 1d rows=1276 latest=2026-05-14 13:30 
403/19360 SAVED US ABVX 1d rows=643 latest=2026-05-14 13:30 
404/19360 SAVED US ABVX 5m rows=328 latest=2026-05-15 14:42 
405/19360 SAVED US ABX 1d rows=1276 latest=2026-05-14 13:30 
406/19360 SAVED US ABX 5m rows=322 latest=2026-05-15 14:41 
407/19360 SAVED US ABXL 1d rows=619 latest=2026-05-14 13:30 
408/19360 SAVED US ABXL 5m rows=39 latest=2026-05-15 13:46 
409/19360 SAVED US ACA 5m rows=282 latest=2026-05-15 14:42 
410/19360 SAVED US ACAA 5m rows=5 latest=2026-05-14 20:00 
411/19360 SAVED US ACAA 1d rows=25 latest=2026-05-14 13:30 
412/19360 SAVED US ACAAU 1d rows=60 latest=2026-05-14 13:30 
413/19360 SAVED US ACAAU 5m rows=12 latest=2026-05-13 20:00 
414/19360 SAVED US ACA 1d rows=1276 latest=2026-05-14 13:30 
415/19360 SAVED US ACB 5m rows=314 latest=2026-05-15 14:39 
416/19360 SAVED US ACAD 1d rows=1276 latest=2026-05-14 13:30 
417/19360 SAVED US ACAD 5m rows=327 latest=2026-05-15 14:40 
418/19360 SAVED US ACCL 1d rows=144 latest=2026-05-14 13:30 
419/19360 SAVED US ACB 1d rows=1276 latest=2026-05-14 13:30 
420/19360 SAVED US ACCL 5m rows=30 latest=2026-05-15 14:37 
421/19360 SAVED US ACCO 5m rows=327 latest=2026-05-15 14:41 
422/19360 SAVED US ACCS 5m rows=49 latest=2026-05-15 13:46 
423/19360 SAVED US ACCO 1d rows=1276 latest=2026-05-14 13:30 
424/19360 SAVED US ACDC 5m rows=328 latest=2026-05-15 14:41 
425/19360 SAVED US ACCS 1d rows=1276 latest=2026-05-14 13:30 
426/19360 SAVED US ACDC 1d rows=1004 latest=2026-05-14 13:30 
427/19360 SAVED US ACEL 5m rows=311 latest=2026-05-15 14:41 
428/19360 SAVED US ACEL 1d rows=1276 latest=2026-05-14 13:30 
429/19360 SAVED US ACFN 1d rows=1276 latest=2026-05-14 13:30 
430/19360 SAVED US ACET 1d rows=1276 latest=2026-05-14 13:30 
431/19360 SAVED US ACFN 5m rows=52 latest=2026-05-15 14:05 
432/19360 SAVED US ACET 5m rows=183 latest=2026-05-15 14:38 
433/19360 SAVED US ACGCU 5m rows=10 latest=2026-05-13 20:00 
434/19360 SAVED US ACGCU 1d rows=28 latest=2026-05-14 13:30 
435/19360 SAVED US ACGLN 1d rows=1243 latest=2026-05-14 13:30 
436/19360 SAVED US ACGLN 5m rows=136 latest=2026-05-15 14:39 
437/19360 SAVED US ACGL 1d rows=1276 latest=2026-05-14 13:30 
438/19360 SAVED US ACGL 5m rows=328 latest=2026-05-15 14:41 
439/19360 SAVED US ACGLO 5m rows=70 latest=2026-05-15 14:23 
440/19360 SAVED US ACGLO 1d rows=1276 latest=2026-05-14 13:30 
441/19360 SAVED US ACHC 1d rows=1276 latest=2026-05-14 13:30 
442/19360 SAVED US ACH 5m rows=326 latest=2026-05-15 14:41 
443/19360 SAVED US ACH 1d rows=1276 latest=2026-05-14 13:30 
444/19360 SAVED US ACHC 5m rows=328 latest=2026-05-15 14:41 
445/19360 SAVED US ACHV 5m rows=326 latest=2026-05-15 14:41 
446/19360 SAVED US ACI 5m rows=328 latest=2026-05-15 14:41 
447/19360 SAVED US ACI 1d rows=1276 latest=2026-05-14 13:30 